<?xml version='1.0' encoding='UTF-8'?>
<testsuite hostname="Omars-MacBook-Pro.local" name="streams.BloxorzSuite" tests="6" errors="0" failures="0" time="0.114">
                     <properties>
[...]
</properties>
                     <testcase classname="streams.BloxorzSuite" name="terrain function level 1" time="0.054">
                                                 
                                               </testcase><testcase classname="streams.BloxorzSuite" name="findChar level 1" time="0.009">
                                                 
                                               </testcase><testcase classname="streams.BloxorzSuite" name="assert neighbours with history 1" time="0.022">
                                                 
                                               </testcase><testcase classname="streams.BloxorzSuite" name="assert new neighbors only 1" time="0.005">
                                                 
                                               </testcase><testcase classname="streams.BloxorzSuite" name="optimal solution for level 1" time="0.017">
                                                 
                                               </testcase><testcase classname="streams.BloxorzSuite" name="optimal solution length for level 1" time="0.007">
                                                 
                                               </testcase>
                     <system-out></system-out>
                     <system-err></system-err>
                   </testsuite>